2024-06-12 22:41:52,865 ----------------------------------------------------------------------------------------------------
2024-06-12 22:41:52,866 Model: "SequenceTagger(
  (embeddings): TransformerWordEmbeddings(
    (model): DistilBertModel(
      (embeddings): Embeddings(
        (word_embeddings): Embedding(119548, 768)
        (position_embeddings): Embedding(512, 768)
        (LayerNorm): LayerNorm((768,), eps=1e-12, elementwise_affine=True)
        (dropout): Dropout(p=0.1, inplace=False)
      )
      (transformer): Transformer(
        (layer): ModuleList(
          (0-5): 6 x TransformerBlock(
            (attention): MultiHeadSelfAttention(
              (dropout): Dropout(p=0.1, inplace=False)
              (q_lin): Linear(in_features=768, out_features=768, bias=True)
              (k_lin): Linear(in_features=768, out_features=768, bias=True)
              (v_lin): Linear(in_features=768, out_features=768, bias=True)
              (out_lin): Linear(in_features=768, out_features=768, bias=True)
            )
            (sa_layer_norm): LayerNorm((768,), eps=1e-12, elementwise_affine=True)
            (ffn): FFN(
              (dropout): Dropout(p=0.1, inplace=False)
              (lin1): Linear(in_features=768, out_features=3072, bias=True)
              (lin2): Linear(in_features=3072, out_features=768, bias=True)
              (activation): GELUActivation()
            )
            (output_layer_norm): LayerNorm((768,), eps=1e-12, elementwise_affine=True)
          )
        )
      )
    )
  )
  (locked_dropout): LockedDropout(p=0.5)
  (embedding2nn): Linear(in_features=768, out_features=768, bias=True)
  (linear): Linear(in_features=768, out_features=33, bias=True)
  (loss_function): CrossEntropyLoss()
)"
2024-06-12 22:41:52,866 ----------------------------------------------------------------------------------------------------
2024-06-12 22:41:52,866 Corpus: 1200 train + 150 dev + 150 test sentences
2024-06-12 22:41:52,866 ----------------------------------------------------------------------------------------------------
2024-06-12 22:41:52,866 Train:  1200 sentences
2024-06-12 22:41:52,866         (train_with_dev=False, train_with_test=False)
2024-06-12 22:41:52,866 ----------------------------------------------------------------------------------------------------
2024-06-12 22:41:52,866 Training Params:
2024-06-12 22:41:52,867  - learning_rate: "5e-05" 
2024-06-12 22:41:52,867  - mini_batch_size: "8"
2024-06-12 22:41:52,867  - max_epochs: "10"
2024-06-12 22:41:52,867  - shuffle: "True"
2024-06-12 22:41:52,867 ----------------------------------------------------------------------------------------------------
2024-06-12 22:41:52,867 Plugins:
2024-06-12 22:41:52,867  - LinearScheduler | warmup_fraction: '0.1'
2024-06-12 22:41:52,867 ----------------------------------------------------------------------------------------------------
2024-06-12 22:41:52,867 Final evaluation on model after last epoch (final-model.pt)
2024-06-12 22:41:52,867  - metric: "('micro avg', 'f1-score')"
2024-06-12 22:41:52,867 ----------------------------------------------------------------------------------------------------
2024-06-12 22:41:52,867 Computation:
2024-06-12 22:41:52,867  - compute on device: cuda:0
2024-06-12 22:41:52,867  - embedding storage: none
2024-06-12 22:41:52,867 ----------------------------------------------------------------------------------------------------
2024-06-12 22:41:52,867 Model training base path: "models/distilbert-base-multilingual-cased-2024-06-12T22:41:52"
2024-06-12 22:41:52,867 ----------------------------------------------------------------------------------------------------
2024-06-12 22:41:52,867 ----------------------------------------------------------------------------------------------------
2024-06-12 22:42:01,590 epoch 1 - iter 15/150 - loss 3.46952769 - time (sec): 8.72 - samples/sec: 766.23 - lr: 0.000005 - momentum: 0.000000
2024-06-12 22:42:09,396 epoch 1 - iter 30/150 - loss 3.14406191 - time (sec): 16.53 - samples/sec: 781.72 - lr: 0.000010 - momentum: 0.000000
2024-06-12 22:42:16,808 epoch 1 - iter 45/150 - loss 2.56696233 - time (sec): 23.94 - samples/sec: 815.43 - lr: 0.000015 - momentum: 0.000000
2024-06-12 22:42:24,324 epoch 1 - iter 60/150 - loss 2.20582366 - time (sec): 31.46 - samples/sec: 817.40 - lr: 0.000020 - momentum: 0.000000
2024-06-12 22:42:32,163 epoch 1 - iter 75/150 - loss 1.92890451 - time (sec): 39.29 - samples/sec: 819.83 - lr: 0.000025 - momentum: 0.000000
2024-06-12 22:42:40,396 epoch 1 - iter 90/150 - loss 1.72407056 - time (sec): 47.53 - samples/sec: 822.72 - lr: 0.000030 - momentum: 0.000000
2024-06-12 22:42:48,547 epoch 1 - iter 105/150 - loss 1.57593023 - time (sec): 55.68 - samples/sec: 820.02 - lr: 0.000035 - momentum: 0.000000
2024-06-12 22:42:56,788 epoch 1 - iter 120/150 - loss 1.45422826 - time (sec): 63.92 - samples/sec: 816.08 - lr: 0.000040 - momentum: 0.000000
2024-06-12 22:43:04,691 epoch 1 - iter 135/150 - loss 1.35269717 - time (sec): 71.82 - samples/sec: 817.23 - lr: 0.000045 - momentum: 0.000000
2024-06-12 22:43:12,828 epoch 1 - iter 150/150 - loss 1.26973225 - time (sec): 79.96 - samples/sec: 816.03 - lr: 0.000050 - momentum: 0.000000
2024-06-12 22:43:12,829 ----------------------------------------------------------------------------------------------------
2024-06-12 22:43:12,829 EPOCH 1 done: loss 1.2697 - lr: 0.000050
2024-06-12 22:43:17,674 DEV : loss 0.5090546607971191 - f1-score (micro avg)  0.4726
2024-06-12 22:43:17,678 ----------------------------------------------------------------------------------------------------
2024-06-12 22:43:25,669 epoch 2 - iter 15/150 - loss 0.46763360 - time (sec): 7.99 - samples/sec: 775.72 - lr: 0.000049 - momentum: 0.000000
2024-06-12 22:43:33,834 epoch 2 - iter 30/150 - loss 0.47898747 - time (sec): 16.16 - samples/sec: 784.01 - lr: 0.000049 - momentum: 0.000000
2024-06-12 22:43:41,728 epoch 2 - iter 45/150 - loss 0.48393407 - time (sec): 24.05 - samples/sec: 800.78 - lr: 0.000048 - momentum: 0.000000
2024-06-12 22:43:50,213 epoch 2 - iter 60/150 - loss 0.48228242 - time (sec): 32.53 - samples/sec: 808.18 - lr: 0.000048 - momentum: 0.000000
2024-06-12 22:43:58,348 epoch 2 - iter 75/150 - loss 0.48068001 - time (sec): 40.67 - samples/sec: 801.32 - lr: 0.000047 - momentum: 0.000000
2024-06-12 22:44:06,549 epoch 2 - iter 90/150 - loss 0.47707374 - time (sec): 48.87 - samples/sec: 808.04 - lr: 0.000047 - momentum: 0.000000
2024-06-12 22:44:14,521 epoch 2 - iter 105/150 - loss 0.46990713 - time (sec): 56.84 - samples/sec: 810.35 - lr: 0.000046 - momentum: 0.000000
2024-06-12 22:44:22,766 epoch 2 - iter 120/150 - loss 0.46332040 - time (sec): 65.09 - samples/sec: 810.98 - lr: 0.000046 - momentum: 0.000000
2024-06-12 22:44:30,443 epoch 2 - iter 135/150 - loss 0.45668907 - time (sec): 72.76 - samples/sec: 814.72 - lr: 0.000045 - momentum: 0.000000
2024-06-12 22:44:38,076 epoch 2 - iter 150/150 - loss 0.44655276 - time (sec): 80.40 - samples/sec: 811.60 - lr: 0.000045 - momentum: 0.000000
2024-06-12 22:44:38,076 ----------------------------------------------------------------------------------------------------
2024-06-12 22:44:38,076 EPOCH 2 done: loss 0.4466 - lr: 0.000045
2024-06-12 22:44:43,336 DEV : loss 0.3685761094093323 - f1-score (micro avg)  0.6267
2024-06-12 22:44:43,341 ----------------------------------------------------------------------------------------------------
2024-06-12 22:44:51,280 epoch 3 - iter 15/150 - loss 0.37896743 - time (sec): 7.94 - samples/sec: 864.50 - lr: 0.000044 - momentum: 0.000000
2024-06-12 22:44:59,378 epoch 3 - iter 30/150 - loss 0.36962104 - time (sec): 16.04 - samples/sec: 829.70 - lr: 0.000043 - momentum: 0.000000
2024-06-12 22:45:07,298 epoch 3 - iter 45/150 - loss 0.34576402 - time (sec): 23.96 - samples/sec: 827.62 - lr: 0.000043 - momentum: 0.000000
2024-06-12 22:45:14,987 epoch 3 - iter 60/150 - loss 0.34450828 - time (sec): 31.65 - samples/sec: 822.24 - lr: 0.000042 - momentum: 0.000000
2024-06-12 22:45:22,865 epoch 3 - iter 75/150 - loss 0.34431465 - time (sec): 39.52 - samples/sec: 818.01 - lr: 0.000042 - momentum: 0.000000
2024-06-12 22:45:30,722 epoch 3 - iter 90/150 - loss 0.33840100 - time (sec): 47.38 - samples/sec: 829.45 - lr: 0.000041 - momentum: 0.000000
2024-06-12 22:45:38,776 epoch 3 - iter 105/150 - loss 0.33438508 - time (sec): 55.43 - samples/sec: 830.59 - lr: 0.000041 - momentum: 0.000000
2024-06-12 22:45:46,728 epoch 3 - iter 120/150 - loss 0.32714597 - time (sec): 63.39 - samples/sec: 825.51 - lr: 0.000040 - momentum: 0.000000
2024-06-12 22:45:54,925 epoch 3 - iter 135/150 - loss 0.32788006 - time (sec): 71.58 - samples/sec: 821.44 - lr: 0.000040 - momentum: 0.000000
2024-06-12 22:46:03,041 epoch 3 - iter 150/150 - loss 0.32218507 - time (sec): 79.70 - samples/sec: 818.70 - lr: 0.000039 - momentum: 0.000000
2024-06-12 22:46:03,041 ----------------------------------------------------------------------------------------------------
2024-06-12 22:46:03,041 EPOCH 3 done: loss 0.3222 - lr: 0.000039
2024-06-12 22:46:08,481 DEV : loss 0.35099756717681885 - f1-score (micro avg)  0.6538
2024-06-12 22:46:08,485 ----------------------------------------------------------------------------------------------------
2024-06-12 22:46:16,519 epoch 4 - iter 15/150 - loss 0.28507731 - time (sec): 8.03 - samples/sec: 767.84 - lr: 0.000038 - momentum: 0.000000
2024-06-12 22:46:24,820 epoch 4 - iter 30/150 - loss 0.26755265 - time (sec): 16.33 - samples/sec: 782.71 - lr: 0.000038 - momentum: 0.000000
2024-06-12 22:46:32,400 epoch 4 - iter 45/150 - loss 0.25695540 - time (sec): 23.91 - samples/sec: 806.18 - lr: 0.000037 - momentum: 0.000000
2024-06-12 22:46:39,768 epoch 4 - iter 60/150 - loss 0.25777823 - time (sec): 31.28 - samples/sec: 825.47 - lr: 0.000037 - momentum: 0.000000
2024-06-12 22:46:47,412 epoch 4 - iter 75/150 - loss 0.25141837 - time (sec): 38.93 - samples/sec: 824.71 - lr: 0.000036 - momentum: 0.000000
2024-06-12 22:46:55,532 epoch 4 - iter 90/150 - loss 0.25353913 - time (sec): 47.05 - samples/sec: 828.17 - lr: 0.000036 - momentum: 0.000000
2024-06-12 22:47:03,602 epoch 4 - iter 105/150 - loss 0.25265631 - time (sec): 55.12 - samples/sec: 826.36 - lr: 0.000035 - momentum: 0.000000
2024-06-12 22:47:11,836 epoch 4 - iter 120/150 - loss 0.25314934 - time (sec): 63.35 - samples/sec: 824.68 - lr: 0.000035 - momentum: 0.000000
2024-06-12 22:47:20,120 epoch 4 - iter 135/150 - loss 0.25066929 - time (sec): 71.63 - samples/sec: 819.51 - lr: 0.000034 - momentum: 0.000000
2024-06-12 22:47:28,013 epoch 4 - iter 150/150 - loss 0.25232758 - time (sec): 79.53 - samples/sec: 820.47 - lr: 0.000033 - momentum: 0.000000
2024-06-12 22:47:28,014 ----------------------------------------------------------------------------------------------------
2024-06-12 22:47:28,014 EPOCH 4 done: loss 0.2523 - lr: 0.000033
2024-06-12 22:47:33,058 DEV : loss 0.3275902569293976 - f1-score (micro avg)  0.6766
2024-06-12 22:47:33,063 ----------------------------------------------------------------------------------------------------
2024-06-12 22:47:40,978 epoch 5 - iter 15/150 - loss 0.19293817 - time (sec): 7.91 - samples/sec: 823.34 - lr: 0.000033 - momentum: 0.000000
2024-06-12 22:47:48,862 epoch 5 - iter 30/150 - loss 0.17794923 - time (sec): 15.80 - samples/sec: 847.01 - lr: 0.000032 - momentum: 0.000000
2024-06-12 22:47:56,491 epoch 5 - iter 45/150 - loss 0.18534243 - time (sec): 23.43 - samples/sec: 867.08 - lr: 0.000032 - momentum: 0.000000
2024-06-12 22:48:04,129 epoch 5 - iter 60/150 - loss 0.18690523 - time (sec): 31.07 - samples/sec: 857.35 - lr: 0.000031 - momentum: 0.000000
2024-06-12 22:48:12,552 epoch 5 - iter 75/150 - loss 0.18826703 - time (sec): 39.49 - samples/sec: 842.04 - lr: 0.000031 - momentum: 0.000000
2024-06-12 22:48:20,766 epoch 5 - iter 90/150 - loss 0.18763801 - time (sec): 47.70 - samples/sec: 833.31 - lr: 0.000030 - momentum: 0.000000
2024-06-12 22:48:28,459 epoch 5 - iter 105/150 - loss 0.19231544 - time (sec): 55.39 - samples/sec: 827.62 - lr: 0.000030 - momentum: 0.000000
2024-06-12 22:48:36,272 epoch 5 - iter 120/150 - loss 0.19258275 - time (sec): 63.21 - samples/sec: 828.43 - lr: 0.000029 - momentum: 0.000000
2024-06-12 22:48:44,224 epoch 5 - iter 135/150 - loss 0.19581243 - time (sec): 71.16 - samples/sec: 827.31 - lr: 0.000028 - momentum: 0.000000
2024-06-12 22:48:52,347 epoch 5 - iter 150/150 - loss 0.19696749 - time (sec): 79.28 - samples/sec: 823.00 - lr: 0.000028 - momentum: 0.000000
2024-06-12 22:48:52,348 ----------------------------------------------------------------------------------------------------
2024-06-12 22:48:52,348 EPOCH 5 done: loss 0.1970 - lr: 0.000028
2024-06-12 22:48:57,751 DEV : loss 0.3444438576698303 - f1-score (micro avg)  0.674
2024-06-12 22:48:57,756 ----------------------------------------------------------------------------------------------------
2024-06-12 22:49:05,349 epoch 6 - iter 15/150 - loss 0.15596082 - time (sec): 7.59 - samples/sec: 937.15 - lr: 0.000027 - momentum: 0.000000
2024-06-12 22:49:13,457 epoch 6 - iter 30/150 - loss 0.15794297 - time (sec): 15.70 - samples/sec: 883.94 - lr: 0.000027 - momentum: 0.000000
2024-06-12 22:49:21,453 epoch 6 - iter 45/150 - loss 0.15879256 - time (sec): 23.70 - samples/sec: 868.33 - lr: 0.000026 - momentum: 0.000000
2024-06-12 22:49:29,435 epoch 6 - iter 60/150 - loss 0.16358998 - time (sec): 31.68 - samples/sec: 843.35 - lr: 0.000026 - momentum: 0.000000
2024-06-12 22:49:37,201 epoch 6 - iter 75/150 - loss 0.16670368 - time (sec): 39.44 - samples/sec: 839.06 - lr: 0.000025 - momentum: 0.000000
2024-06-12 22:49:45,502 epoch 6 - iter 90/150 - loss 0.16102908 - time (sec): 47.75 - samples/sec: 836.73 - lr: 0.000025 - momentum: 0.000000
2024-06-12 22:49:53,466 epoch 6 - iter 105/150 - loss 0.15981916 - time (sec): 55.71 - samples/sec: 831.49 - lr: 0.000024 - momentum: 0.000000
2024-06-12 22:50:01,332 epoch 6 - iter 120/150 - loss 0.16089987 - time (sec): 63.58 - samples/sec: 830.19 - lr: 0.000024 - momentum: 0.000000
2024-06-12 22:50:08,995 epoch 6 - iter 135/150 - loss 0.15909702 - time (sec): 71.24 - samples/sec: 827.97 - lr: 0.000023 - momentum: 0.000000
2024-06-12 22:50:16,854 epoch 6 - iter 150/150 - loss 0.15702908 - time (sec): 79.10 - samples/sec: 824.93 - lr: 0.000022 - momentum: 0.000000
2024-06-12 22:50:16,854 ----------------------------------------------------------------------------------------------------
2024-06-12 22:50:16,854 EPOCH 6 done: loss 0.1570 - lr: 0.000022
2024-06-12 22:50:22,068 DEV : loss 0.37371861934661865 - f1-score (micro avg)  0.6821
2024-06-12 22:50:22,073 ----------------------------------------------------------------------------------------------------
2024-06-12 22:50:29,483 epoch 7 - iter 15/150 - loss 0.11497490 - time (sec): 7.41 - samples/sec: 860.43 - lr: 0.000022 - momentum: 0.000000
2024-06-12 22:50:37,379 epoch 7 - iter 30/150 - loss 0.11635881 - time (sec): 15.31 - samples/sec: 845.44 - lr: 0.000021 - momentum: 0.000000
2024-06-12 22:50:44,991 epoch 7 - iter 45/150 - loss 0.12341818 - time (sec): 22.92 - samples/sec: 858.49 - lr: 0.000021 - momentum: 0.000000
2024-06-12 22:50:53,260 epoch 7 - iter 60/150 - loss 0.12423266 - time (sec): 31.19 - samples/sec: 836.23 - lr: 0.000020 - momentum: 0.000000
2024-06-12 22:51:01,053 epoch 7 - iter 75/150 - loss 0.12566896 - time (sec): 38.98 - samples/sec: 845.68 - lr: 0.000020 - momentum: 0.000000
2024-06-12 22:51:09,126 epoch 7 - iter 90/150 - loss 0.12372539 - time (sec): 47.05 - samples/sec: 842.77 - lr: 0.000019 - momentum: 0.000000
2024-06-12 22:51:17,176 epoch 7 - iter 105/150 - loss 0.12878614 - time (sec): 55.10 - samples/sec: 840.44 - lr: 0.000019 - momentum: 0.000000
2024-06-12 22:51:25,106 epoch 7 - iter 120/150 - loss 0.12715209 - time (sec): 63.03 - samples/sec: 834.54 - lr: 0.000018 - momentum: 0.000000
2024-06-12 22:51:33,220 epoch 7 - iter 135/150 - loss 0.12780589 - time (sec): 71.15 - samples/sec: 832.77 - lr: 0.000017 - momentum: 0.000000
2024-06-12 22:51:41,037 epoch 7 - iter 150/150 - loss 0.12808832 - time (sec): 78.96 - samples/sec: 826.33 - lr: 0.000017 - momentum: 0.000000
2024-06-12 22:51:41,038 ----------------------------------------------------------------------------------------------------
2024-06-12 22:51:41,038 EPOCH 7 done: loss 0.1281 - lr: 0.000017
2024-06-12 22:51:46,169 DEV : loss 0.36926978826522827 - f1-score (micro avg)  0.6743
2024-06-12 22:51:46,173 ----------------------------------------------------------------------------------------------------
2024-06-12 22:51:54,169 epoch 8 - iter 15/150 - loss 0.10964211 - time (sec): 8.00 - samples/sec: 886.54 - lr: 0.000016 - momentum: 0.000000
2024-06-12 22:52:01,885 epoch 8 - iter 30/150 - loss 0.10973914 - time (sec): 15.71 - samples/sec: 834.76 - lr: 0.000016 - momentum: 0.000000
2024-06-12 22:52:09,660 epoch 8 - iter 45/150 - loss 0.10428179 - time (sec): 23.49 - samples/sec: 822.42 - lr: 0.000015 - momentum: 0.000000
2024-06-12 22:52:17,325 epoch 8 - iter 60/150 - loss 0.10445984 - time (sec): 31.15 - samples/sec: 828.01 - lr: 0.000015 - momentum: 0.000000
2024-06-12 22:52:25,318 epoch 8 - iter 75/150 - loss 0.10365150 - time (sec): 39.14 - samples/sec: 825.80 - lr: 0.000014 - momentum: 0.000000
2024-06-12 22:52:33,280 epoch 8 - iter 90/150 - loss 0.10299188 - time (sec): 47.11 - samples/sec: 816.23 - lr: 0.000014 - momentum: 0.000000
2024-06-12 22:52:41,230 epoch 8 - iter 105/150 - loss 0.10464133 - time (sec): 55.06 - samples/sec: 816.62 - lr: 0.000013 - momentum: 0.000000
2024-06-12 22:52:49,437 epoch 8 - iter 120/150 - loss 0.10291012 - time (sec): 63.26 - samples/sec: 818.75 - lr: 0.000012 - momentum: 0.000000
2024-06-12 22:52:57,466 epoch 8 - iter 135/150 - loss 0.10283003 - time (sec): 71.29 - samples/sec: 817.27 - lr: 0.000012 - momentum: 0.000000
2024-06-12 22:53:05,765 epoch 8 - iter 150/150 - loss 0.10558915 - time (sec): 79.59 - samples/sec: 819.82 - lr: 0.000011 - momentum: 0.000000
2024-06-12 22:53:05,765 ----------------------------------------------------------------------------------------------------
2024-06-12 22:53:05,765 EPOCH 8 done: loss 0.1056 - lr: 0.000011
2024-06-12 22:53:11,217 DEV : loss 0.3952702581882477 - f1-score (micro avg)  0.6702
2024-06-12 22:53:11,221 ----------------------------------------------------------------------------------------------------
2024-06-12 22:53:19,192 epoch 9 - iter 15/150 - loss 0.09382360 - time (sec): 7.97 - samples/sec: 810.73 - lr: 0.000011 - momentum: 0.000000
2024-06-12 22:53:26,771 epoch 9 - iter 30/150 - loss 0.09445129 - time (sec): 15.55 - samples/sec: 798.12 - lr: 0.000010 - momentum: 0.000000
2024-06-12 22:53:34,932 epoch 9 - iter 45/150 - loss 0.09312934 - time (sec): 23.71 - samples/sec: 811.12 - lr: 0.000010 - momentum: 0.000000
2024-06-12 22:53:42,937 epoch 9 - iter 60/150 - loss 0.09369927 - time (sec): 31.72 - samples/sec: 807.75 - lr: 0.000009 - momentum: 0.000000
2024-06-12 22:53:51,010 epoch 9 - iter 75/150 - loss 0.09090982 - time (sec): 39.79 - samples/sec: 805.74 - lr: 0.000009 - momentum: 0.000000
2024-06-12 22:53:58,921 epoch 9 - iter 90/150 - loss 0.08857567 - time (sec): 47.70 - samples/sec: 811.15 - lr: 0.000008 - momentum: 0.000000
2024-06-12 22:54:07,032 epoch 9 - iter 105/150 - loss 0.08843560 - time (sec): 55.81 - samples/sec: 812.27 - lr: 0.000008 - momentum: 0.000000
2024-06-12 22:54:14,946 epoch 9 - iter 120/150 - loss 0.08937979 - time (sec): 63.72 - samples/sec: 813.43 - lr: 0.000007 - momentum: 0.000000
2024-06-12 22:54:22,885 epoch 9 - iter 135/150 - loss 0.08867797 - time (sec): 71.66 - samples/sec: 820.12 - lr: 0.000006 - momentum: 0.000000
2024-06-12 22:54:30,802 epoch 9 - iter 150/150 - loss 0.08826409 - time (sec): 79.58 - samples/sec: 819.92 - lr: 0.000006 - momentum: 0.000000
2024-06-12 22:54:30,803 ----------------------------------------------------------------------------------------------------
2024-06-12 22:54:30,803 EPOCH 9 done: loss 0.0883 - lr: 0.000006
2024-06-12 22:54:35,931 DEV : loss 0.40820416808128357 - f1-score (micro avg)  0.6771
2024-06-12 22:54:35,936 ----------------------------------------------------------------------------------------------------
2024-06-12 22:54:44,111 epoch 10 - iter 15/150 - loss 0.08306479 - time (sec): 8.17 - samples/sec: 818.51 - lr: 0.000005 - momentum: 0.000000
2024-06-12 22:54:51,920 epoch 10 - iter 30/150 - loss 0.08409525 - time (sec): 15.98 - samples/sec: 819.47 - lr: 0.000005 - momentum: 0.000000
2024-06-12 22:55:00,101 epoch 10 - iter 45/150 - loss 0.08269955 - time (sec): 24.16 - samples/sec: 799.83 - lr: 0.000004 - momentum: 0.000000
2024-06-12 22:55:08,324 epoch 10 - iter 60/150 - loss 0.08095872 - time (sec): 32.39 - samples/sec: 805.32 - lr: 0.000004 - momentum: 0.000000
2024-06-12 22:55:16,087 epoch 10 - iter 75/150 - loss 0.08256533 - time (sec): 40.15 - samples/sec: 806.25 - lr: 0.000003 - momentum: 0.000000
2024-06-12 22:55:24,272 epoch 10 - iter 90/150 - loss 0.08217794 - time (sec): 48.34 - samples/sec: 807.94 - lr: 0.000003 - momentum: 0.000000
2024-06-12 22:55:32,567 epoch 10 - iter 105/150 - loss 0.08123149 - time (sec): 56.63 - samples/sec: 807.13 - lr: 0.000002 - momentum: 0.000000
2024-06-12 22:55:40,892 epoch 10 - iter 120/150 - loss 0.08002405 - time (sec): 64.96 - samples/sec: 809.00 - lr: 0.000001 - momentum: 0.000000
2024-06-12 22:55:48,903 epoch 10 - iter 135/150 - loss 0.07795239 - time (sec): 72.97 - samples/sec: 807.73 - lr: 0.000001 - momentum: 0.000000
2024-06-12 22:55:57,037 epoch 10 - iter 150/150 - loss 0.07765969 - time (sec): 81.10 - samples/sec: 804.56 - lr: 0.000000 - momentum: 0.000000
2024-06-12 22:55:57,038 ----------------------------------------------------------------------------------------------------
2024-06-12 22:55:57,039 EPOCH 10 done: loss 0.0777 - lr: 0.000000
2024-06-12 22:56:02,511 DEV : loss 0.4195187985897064 - f1-score (micro avg)  0.6759
2024-06-12 22:56:03,255 ----------------------------------------------------------------------------------------------------
2024-06-12 22:56:03,256 Testing using last state of model ...
2024-06-12 22:56:08,687 
Results:
- F-score (micro) 0.6265
- F-score (macro) 0.5918
- Accuracy 0.4638

By class:
              precision    recall  f1-score   support

        DISO     0.5639    0.5918    0.5775       343
         AGE     0.9714    0.9714    0.9714       140
        ANAT     0.6232    0.7478    0.6798       115
        CHEM     0.4079    0.3974    0.4026        78
        DRTN     0.6133    0.7419    0.6715        62
        PROC     0.3148    0.2615    0.2857        65
        FRKW     0.5385    0.4118    0.4667        34
        DRCN     0.6429    0.7200    0.6792        25

   micro avg     0.6143    0.6392    0.6265       862
   macro avg     0.5845    0.6055    0.5918       862
weighted avg     0.6099    0.6392    0.6227       862

2024-06-12 22:56:08,687 ----------------------------------------------------------------------------------------------------
