2024-06-13 07:07:44,742 ----------------------------------------------------------------------------------------------------
2024-06-13 07:07:44,743 Model: "SequenceTagger(
  (embeddings): TransformerWordEmbeddings(
    (model): XLMRobertaModel(
      (embeddings): XLMRobertaEmbeddings(
        (word_embeddings): Embedding(250003, 384)
        (position_embeddings): Embedding(514, 384, padding_idx=1)
        (token_type_embeddings): Embedding(1, 384)
        (LayerNorm): LayerNorm((384,), eps=1e-05, elementwise_affine=True)
        (dropout): Dropout(p=0.1, inplace=False)
      )
      (encoder): XLMRobertaEncoder(
        (layer): ModuleList(
          (0-5): 6 x XLMRobertaLayer(
            (attention): XLMRobertaAttention(
              (self): XLMRobertaSelfAttention(
                (query): Linear(in_features=384, out_features=384, bias=True)
                (key): Linear(in_features=384, out_features=384, bias=True)
                (value): Linear(in_features=384, out_features=384, bias=True)
                (dropout): Dropout(p=0.1, inplace=False)
              )
              (output): XLMRobertaSelfOutput(
                (dense): Linear(in_features=384, out_features=384, bias=True)
                (LayerNorm): LayerNorm((384,), eps=1e-05, elementwise_affine=True)
                (dropout): Dropout(p=0.1, inplace=False)
              )
            )
            (intermediate): XLMRobertaIntermediate(
              (dense): Linear(in_features=384, out_features=1536, bias=True)
              (intermediate_act_fn): GELUActivation()
            )
            (output): XLMRobertaOutput(
              (dense): Linear(in_features=1536, out_features=384, bias=True)
              (LayerNorm): LayerNorm((384,), eps=1e-05, elementwise_affine=True)
              (dropout): Dropout(p=0.1, inplace=False)
            )
          )
        )
      )
      (pooler): XLMRobertaPooler(
        (dense): Linear(in_features=384, out_features=384, bias=True)
        (activation): Tanh()
      )
    )
  )
  (locked_dropout): LockedDropout(p=0.5)
  (embedding2nn): Linear(in_features=384, out_features=384, bias=True)
  (linear): Linear(in_features=384, out_features=33, bias=True)
  (loss_function): CrossEntropyLoss()
)"
2024-06-13 07:07:44,743 ----------------------------------------------------------------------------------------------------
2024-06-13 07:07:44,744 Corpus: 1200 train + 150 dev + 150 test sentences
2024-06-13 07:07:44,744 ----------------------------------------------------------------------------------------------------
2024-06-13 07:07:44,744 Train:  1200 sentences
2024-06-13 07:07:44,744         (train_with_dev=False, train_with_test=False)
2024-06-13 07:07:44,744 ----------------------------------------------------------------------------------------------------
2024-06-13 07:07:44,744 Training Params:
2024-06-13 07:07:44,744  - learning_rate: "5e-05" 
2024-06-13 07:07:44,744  - mini_batch_size: "8"
2024-06-13 07:07:44,744  - max_epochs: "10"
2024-06-13 07:07:44,744  - shuffle: "True"
2024-06-13 07:07:44,744 ----------------------------------------------------------------------------------------------------
2024-06-13 07:07:44,744 Plugins:
2024-06-13 07:07:44,744  - LinearScheduler | warmup_fraction: '0.1'
2024-06-13 07:07:44,744 ----------------------------------------------------------------------------------------------------
2024-06-13 07:07:44,744 Final evaluation on model after last epoch (final-model.pt)
2024-06-13 07:07:44,745  - metric: "('micro avg', 'f1-score')"
2024-06-13 07:07:44,745 ----------------------------------------------------------------------------------------------------
2024-06-13 07:07:44,745 Computation:
2024-06-13 07:07:44,745  - compute on device: cuda:0
2024-06-13 07:07:44,745  - embedding storage: none
2024-06-13 07:07:44,745 ----------------------------------------------------------------------------------------------------
2024-06-13 07:07:44,745 Model training base path: "models/Unbabel-xlm-roberta-comet-small-2024-06-13T07:07:44"
2024-06-13 07:07:44,745 ----------------------------------------------------------------------------------------------------
2024-06-13 07:07:44,745 ----------------------------------------------------------------------------------------------------
2024-06-13 07:07:52,096 epoch 1 - iter 15/150 - loss 3.48858076 - time (sec): 7.35 - samples/sec: 996.09 - lr: 0.000005 - momentum: 0.000000
2024-06-13 07:07:58,293 epoch 1 - iter 30/150 - loss 3.47427560 - time (sec): 13.55 - samples/sec: 981.48 - lr: 0.000010 - momentum: 0.000000
2024-06-13 07:08:04,765 epoch 1 - iter 45/150 - loss 3.44039547 - time (sec): 20.02 - samples/sec: 994.82 - lr: 0.000015 - momentum: 0.000000
2024-06-13 07:08:11,352 epoch 1 - iter 60/150 - loss 3.37908589 - time (sec): 26.61 - samples/sec: 985.09 - lr: 0.000020 - momentum: 0.000000
2024-06-13 07:08:17,881 epoch 1 - iter 75/150 - loss 3.29000580 - time (sec): 33.14 - samples/sec: 990.16 - lr: 0.000025 - momentum: 0.000000
2024-06-13 07:08:24,068 epoch 1 - iter 90/150 - loss 3.19770018 - time (sec): 39.32 - samples/sec: 1003.06 - lr: 0.000030 - momentum: 0.000000
2024-06-13 07:08:30,006 epoch 1 - iter 105/150 - loss 3.10524562 - time (sec): 45.26 - samples/sec: 1017.23 - lr: 0.000035 - momentum: 0.000000
2024-06-13 07:08:35,916 epoch 1 - iter 120/150 - loss 3.00858130 - time (sec): 51.17 - samples/sec: 1028.88 - lr: 0.000040 - momentum: 0.000000
2024-06-13 07:08:41,844 epoch 1 - iter 135/150 - loss 2.92245092 - time (sec): 57.10 - samples/sec: 1026.54 - lr: 0.000045 - momentum: 0.000000
2024-06-13 07:08:48,111 epoch 1 - iter 150/150 - loss 2.81599750 - time (sec): 63.37 - samples/sec: 1029.74 - lr: 0.000050 - momentum: 0.000000
2024-06-13 07:08:48,112 ----------------------------------------------------------------------------------------------------
2024-06-13 07:08:48,112 EPOCH 1 done: loss 2.8160 - lr: 0.000050
2024-06-13 07:08:49,702 DEV : loss 1.7078754901885986 - f1-score (micro avg)  0.0
2024-06-13 07:08:49,706 ----------------------------------------------------------------------------------------------------
2024-06-13 07:08:56,730 epoch 2 - iter 15/150 - loss 1.56116045 - time (sec): 7.02 - samples/sec: 997.68 - lr: 0.000049 - momentum: 0.000000
2024-06-13 07:09:03,588 epoch 2 - iter 30/150 - loss 1.47041943 - time (sec): 13.88 - samples/sec: 975.32 - lr: 0.000049 - momentum: 0.000000
2024-06-13 07:09:09,976 epoch 2 - iter 45/150 - loss 1.38969426 - time (sec): 20.27 - samples/sec: 993.22 - lr: 0.000048 - momentum: 0.000000
2024-06-13 07:09:15,940 epoch 2 - iter 60/150 - loss 1.31925420 - time (sec): 26.23 - samples/sec: 997.48 - lr: 0.000048 - momentum: 0.000000
2024-06-13 07:09:21,833 epoch 2 - iter 75/150 - loss 1.25420918 - time (sec): 32.13 - samples/sec: 1028.87 - lr: 0.000047 - momentum: 0.000000
2024-06-13 07:09:27,947 epoch 2 - iter 90/150 - loss 1.21915466 - time (sec): 38.24 - samples/sec: 1039.52 - lr: 0.000047 - momentum: 0.000000
2024-06-13 07:09:33,199 epoch 2 - iter 105/150 - loss 1.18295047 - time (sec): 43.49 - samples/sec: 1059.22 - lr: 0.000046 - momentum: 0.000000
2024-06-13 07:09:39,336 epoch 2 - iter 120/150 - loss 1.16002039 - time (sec): 49.63 - samples/sec: 1048.11 - lr: 0.000046 - momentum: 0.000000
2024-06-13 07:09:45,404 epoch 2 - iter 135/150 - loss 1.13666061 - time (sec): 55.70 - samples/sec: 1047.81 - lr: 0.000045 - momentum: 0.000000
2024-06-13 07:09:50,905 epoch 2 - iter 150/150 - loss 1.09905613 - time (sec): 61.20 - samples/sec: 1066.22 - lr: 0.000045 - momentum: 0.000000
2024-06-13 07:09:50,905 ----------------------------------------------------------------------------------------------------
2024-06-13 07:09:50,905 EPOCH 2 done: loss 1.0991 - lr: 0.000045
2024-06-13 07:09:53,106 DEV : loss 0.7704545855522156 - f1-score (micro avg)  0.0
2024-06-13 07:09:53,111 ----------------------------------------------------------------------------------------------------
2024-06-13 07:09:58,990 epoch 3 - iter 15/150 - loss 0.72312265 - time (sec): 5.88 - samples/sec: 1097.52 - lr: 0.000044 - momentum: 0.000000
2024-06-13 07:10:04,671 epoch 3 - iter 30/150 - loss 0.72274526 - time (sec): 11.56 - samples/sec: 1157.95 - lr: 0.000043 - momentum: 0.000000
2024-06-13 07:10:11,142 epoch 3 - iter 45/150 - loss 0.72192963 - time (sec): 18.03 - samples/sec: 1105.99 - lr: 0.000043 - momentum: 0.000000
2024-06-13 07:10:17,697 epoch 3 - iter 60/150 - loss 0.73052771 - time (sec): 24.59 - samples/sec: 1072.26 - lr: 0.000042 - momentum: 0.000000
2024-06-13 07:10:23,819 epoch 3 - iter 75/150 - loss 0.73421979 - time (sec): 30.71 - samples/sec: 1071.64 - lr: 0.000042 - momentum: 0.000000
2024-06-13 07:10:29,950 epoch 3 - iter 90/150 - loss 0.72701960 - time (sec): 36.84 - samples/sec: 1077.83 - lr: 0.000041 - momentum: 0.000000
2024-06-13 07:10:35,775 epoch 3 - iter 105/150 - loss 0.72959785 - time (sec): 42.66 - samples/sec: 1068.26 - lr: 0.000041 - momentum: 0.000000
2024-06-13 07:10:41,608 epoch 3 - iter 120/150 - loss 0.72687296 - time (sec): 48.50 - samples/sec: 1063.71 - lr: 0.000040 - momentum: 0.000000
2024-06-13 07:10:48,418 epoch 3 - iter 135/150 - loss 0.72373768 - time (sec): 55.31 - samples/sec: 1053.84 - lr: 0.000040 - momentum: 0.000000
2024-06-13 07:10:54,894 epoch 3 - iter 150/150 - loss 0.72287015 - time (sec): 61.78 - samples/sec: 1056.13 - lr: 0.000039 - momentum: 0.000000
2024-06-13 07:10:54,895 ----------------------------------------------------------------------------------------------------
2024-06-13 07:10:54,895 EPOCH 3 done: loss 0.7229 - lr: 0.000039
2024-06-13 07:10:57,106 DEV : loss 0.6643199920654297 - f1-score (micro avg)  0.0327
2024-06-13 07:10:57,110 ----------------------------------------------------------------------------------------------------
2024-06-13 07:11:02,826 epoch 4 - iter 15/150 - loss 0.71978192 - time (sec): 5.72 - samples/sec: 1140.29 - lr: 0.000038 - momentum: 0.000000
2024-06-13 07:11:09,057 epoch 4 - iter 30/150 - loss 0.68632095 - time (sec): 11.95 - samples/sec: 1099.27 - lr: 0.000038 - momentum: 0.000000
2024-06-13 07:11:14,686 epoch 4 - iter 45/150 - loss 0.67185145 - time (sec): 17.57 - samples/sec: 1097.65 - lr: 0.000037 - momentum: 0.000000
2024-06-13 07:11:20,917 epoch 4 - iter 60/150 - loss 0.67248335 - time (sec): 23.81 - samples/sec: 1081.35 - lr: 0.000037 - momentum: 0.000000
2024-06-13 07:11:26,782 epoch 4 - iter 75/150 - loss 0.66622743 - time (sec): 29.67 - samples/sec: 1096.52 - lr: 0.000036 - momentum: 0.000000
2024-06-13 07:11:33,139 epoch 4 - iter 90/150 - loss 0.65885447 - time (sec): 36.03 - samples/sec: 1074.89 - lr: 0.000036 - momentum: 0.000000
2024-06-13 07:11:39,001 epoch 4 - iter 105/150 - loss 0.65878705 - time (sec): 41.89 - samples/sec: 1088.19 - lr: 0.000035 - momentum: 0.000000
2024-06-13 07:11:45,439 epoch 4 - iter 120/150 - loss 0.65279024 - time (sec): 48.33 - samples/sec: 1078.90 - lr: 0.000035 - momentum: 0.000000
2024-06-13 07:11:51,375 epoch 4 - iter 135/150 - loss 0.64943970 - time (sec): 54.26 - samples/sec: 1078.78 - lr: 0.000034 - momentum: 0.000000
2024-06-13 07:11:57,700 epoch 4 - iter 150/150 - loss 0.64582977 - time (sec): 60.59 - samples/sec: 1076.94 - lr: 0.000033 - momentum: 0.000000
2024-06-13 07:11:57,702 ----------------------------------------------------------------------------------------------------
2024-06-13 07:11:57,703 EPOCH 4 done: loss 0.6458 - lr: 0.000033
2024-06-13 07:11:59,796 DEV : loss 0.6152464151382446 - f1-score (micro avg)  0.3073
2024-06-13 07:11:59,800 ----------------------------------------------------------------------------------------------------
2024-06-13 07:12:05,480 epoch 5 - iter 15/150 - loss 0.62418254 - time (sec): 5.68 - samples/sec: 1158.25 - lr: 0.000033 - momentum: 0.000000
2024-06-13 07:12:12,457 epoch 5 - iter 30/150 - loss 0.63354659 - time (sec): 12.66 - samples/sec: 1053.75 - lr: 0.000032 - momentum: 0.000000
2024-06-13 07:12:18,424 epoch 5 - iter 45/150 - loss 0.64271609 - time (sec): 18.62 - samples/sec: 1023.89 - lr: 0.000032 - momentum: 0.000000
2024-06-13 07:12:24,632 epoch 5 - iter 60/150 - loss 0.61989828 - time (sec): 24.83 - samples/sec: 1042.12 - lr: 0.000031 - momentum: 0.000000
2024-06-13 07:12:30,395 epoch 5 - iter 75/150 - loss 0.60704045 - time (sec): 30.59 - samples/sec: 1079.22 - lr: 0.000031 - momentum: 0.000000
2024-06-13 07:12:37,395 epoch 5 - iter 90/150 - loss 0.59999432 - time (sec): 37.59 - samples/sec: 1057.39 - lr: 0.000030 - momentum: 0.000000
2024-06-13 07:12:42,947 epoch 5 - iter 105/150 - loss 0.60076747 - time (sec): 43.15 - samples/sec: 1054.71 - lr: 0.000030 - momentum: 0.000000
2024-06-13 07:12:48,634 epoch 5 - iter 120/150 - loss 0.59131763 - time (sec): 48.83 - samples/sec: 1066.55 - lr: 0.000029 - momentum: 0.000000
2024-06-13 07:12:54,496 epoch 5 - iter 135/150 - loss 0.59154638 - time (sec): 54.69 - samples/sec: 1074.36 - lr: 0.000028 - momentum: 0.000000
2024-06-13 07:13:00,876 epoch 5 - iter 150/150 - loss 0.58864394 - time (sec): 61.07 - samples/sec: 1068.36 - lr: 0.000028 - momentum: 0.000000
2024-06-13 07:13:00,877 ----------------------------------------------------------------------------------------------------
2024-06-13 07:13:00,877 EPOCH 5 done: loss 0.5886 - lr: 0.000028
2024-06-13 07:13:03,078 DEV : loss 0.5781387090682983 - f1-score (micro avg)  0.4025
2024-06-13 07:13:03,083 ----------------------------------------------------------------------------------------------------
2024-06-13 07:13:08,598 epoch 6 - iter 15/150 - loss 0.54698624 - time (sec): 5.51 - samples/sec: 1166.40 - lr: 0.000027 - momentum: 0.000000
2024-06-13 07:13:14,650 epoch 6 - iter 30/150 - loss 0.56485602 - time (sec): 11.57 - samples/sec: 1133.50 - lr: 0.000027 - momentum: 0.000000
2024-06-13 07:13:20,598 epoch 6 - iter 45/150 - loss 0.56681418 - time (sec): 17.51 - samples/sec: 1121.91 - lr: 0.000026 - momentum: 0.000000
2024-06-13 07:13:26,447 epoch 6 - iter 60/150 - loss 0.55524481 - time (sec): 23.36 - samples/sec: 1112.83 - lr: 0.000026 - momentum: 0.000000
2024-06-13 07:13:32,154 epoch 6 - iter 75/150 - loss 0.55279417 - time (sec): 29.07 - samples/sec: 1120.79 - lr: 0.000025 - momentum: 0.000000
2024-06-13 07:13:38,023 epoch 6 - iter 90/150 - loss 0.55554159 - time (sec): 34.94 - samples/sec: 1103.92 - lr: 0.000025 - momentum: 0.000000
2024-06-13 07:13:44,080 epoch 6 - iter 105/150 - loss 0.55266495 - time (sec): 41.00 - samples/sec: 1105.29 - lr: 0.000024 - momentum: 0.000000
2024-06-13 07:13:50,368 epoch 6 - iter 120/150 - loss 0.54823936 - time (sec): 47.28 - samples/sec: 1104.76 - lr: 0.000024 - momentum: 0.000000
2024-06-13 07:13:56,755 epoch 6 - iter 135/150 - loss 0.54462294 - time (sec): 53.67 - samples/sec: 1091.31 - lr: 0.000023 - momentum: 0.000000
2024-06-13 07:14:02,160 epoch 6 - iter 150/150 - loss 0.54317374 - time (sec): 59.08 - samples/sec: 1104.51 - lr: 0.000022 - momentum: 0.000000
2024-06-13 07:14:02,160 ----------------------------------------------------------------------------------------------------
2024-06-13 07:14:02,160 EPOCH 6 done: loss 0.5432 - lr: 0.000022
2024-06-13 07:14:04,262 DEV : loss 0.5458552837371826 - f1-score (micro avg)  0.4486
2024-06-13 07:14:04,267 ----------------------------------------------------------------------------------------------------
2024-06-13 07:14:10,377 epoch 7 - iter 15/150 - loss 0.50326358 - time (sec): 6.11 - samples/sec: 1090.37 - lr: 0.000022 - momentum: 0.000000
2024-06-13 07:14:16,354 epoch 7 - iter 30/150 - loss 0.50244491 - time (sec): 12.09 - samples/sec: 1062.24 - lr: 0.000021 - momentum: 0.000000
2024-06-13 07:14:21,899 epoch 7 - iter 45/150 - loss 0.50740005 - time (sec): 17.63 - samples/sec: 1096.07 - lr: 0.000021 - momentum: 0.000000
2024-06-13 07:14:28,660 epoch 7 - iter 60/150 - loss 0.50001924 - time (sec): 24.39 - samples/sec: 1072.86 - lr: 0.000020 - momentum: 0.000000
2024-06-13 07:14:34,422 epoch 7 - iter 75/150 - loss 0.50123947 - time (sec): 30.15 - samples/sec: 1079.76 - lr: 0.000020 - momentum: 0.000000
2024-06-13 07:14:40,876 epoch 7 - iter 90/150 - loss 0.50332438 - time (sec): 36.61 - samples/sec: 1065.16 - lr: 0.000019 - momentum: 0.000000
2024-06-13 07:14:47,428 epoch 7 - iter 105/150 - loss 0.50024501 - time (sec): 43.16 - samples/sec: 1056.57 - lr: 0.000019 - momentum: 0.000000
2024-06-13 07:14:53,042 epoch 7 - iter 120/150 - loss 0.50657374 - time (sec): 48.77 - samples/sec: 1059.91 - lr: 0.000018 - momentum: 0.000000
2024-06-13 07:14:59,213 epoch 7 - iter 135/150 - loss 0.50814335 - time (sec): 54.95 - samples/sec: 1060.02 - lr: 0.000017 - momentum: 0.000000
2024-06-13 07:15:05,547 epoch 7 - iter 150/150 - loss 0.50670420 - time (sec): 61.28 - samples/sec: 1064.80 - lr: 0.000017 - momentum: 0.000000
2024-06-13 07:15:05,547 ----------------------------------------------------------------------------------------------------
2024-06-13 07:15:05,548 EPOCH 7 done: loss 0.5067 - lr: 0.000017
2024-06-13 07:15:07,706 DEV : loss 0.5220800042152405 - f1-score (micro avg)  0.463
2024-06-13 07:15:07,711 ----------------------------------------------------------------------------------------------------
2024-06-13 07:15:13,893 epoch 8 - iter 15/150 - loss 0.50657784 - time (sec): 6.18 - samples/sec: 1155.47 - lr: 0.000016 - momentum: 0.000000
2024-06-13 07:15:20,069 epoch 8 - iter 30/150 - loss 0.48728233 - time (sec): 12.36 - samples/sec: 1102.27 - lr: 0.000016 - momentum: 0.000000
2024-06-13 07:15:25,884 epoch 8 - iter 45/150 - loss 0.47878049 - time (sec): 18.17 - samples/sec: 1104.29 - lr: 0.000015 - momentum: 0.000000
2024-06-13 07:15:31,483 epoch 8 - iter 60/150 - loss 0.49720216 - time (sec): 23.77 - samples/sec: 1121.61 - lr: 0.000015 - momentum: 0.000000
2024-06-13 07:15:37,449 epoch 8 - iter 75/150 - loss 0.49669060 - time (sec): 29.74 - samples/sec: 1102.72 - lr: 0.000014 - momentum: 0.000000
2024-06-13 07:15:43,292 epoch 8 - iter 90/150 - loss 0.49570941 - time (sec): 35.58 - samples/sec: 1088.66 - lr: 0.000014 - momentum: 0.000000
2024-06-13 07:15:49,510 epoch 8 - iter 105/150 - loss 0.49431831 - time (sec): 41.80 - samples/sec: 1084.98 - lr: 0.000013 - momentum: 0.000000
2024-06-13 07:15:55,998 epoch 8 - iter 120/150 - loss 0.49123572 - time (sec): 48.29 - samples/sec: 1072.18 - lr: 0.000012 - momentum: 0.000000
2024-06-13 07:16:01,989 epoch 8 - iter 135/150 - loss 0.48670674 - time (sec): 54.28 - samples/sec: 1072.87 - lr: 0.000012 - momentum: 0.000000
2024-06-13 07:16:08,294 epoch 8 - iter 150/150 - loss 0.48662594 - time (sec): 60.58 - samples/sec: 1077.04 - lr: 0.000011 - momentum: 0.000000
2024-06-13 07:16:08,295 ----------------------------------------------------------------------------------------------------
2024-06-13 07:16:08,295 EPOCH 8 done: loss 0.4866 - lr: 0.000011
2024-06-13 07:16:10,381 DEV : loss 0.5159994959831238 - f1-score (micro avg)  0.4714
2024-06-13 07:16:10,385 ----------------------------------------------------------------------------------------------------
2024-06-13 07:16:16,199 epoch 9 - iter 15/150 - loss 0.47766813 - time (sec): 5.81 - samples/sec: 1192.32 - lr: 0.000011 - momentum: 0.000000
2024-06-13 07:16:22,547 epoch 9 - iter 30/150 - loss 0.46385954 - time (sec): 12.16 - samples/sec: 1107.14 - lr: 0.000010 - momentum: 0.000000
2024-06-13 07:16:28,503 epoch 9 - iter 45/150 - loss 0.46025257 - time (sec): 18.12 - samples/sec: 1136.61 - lr: 0.000010 - momentum: 0.000000
2024-06-13 07:16:34,161 epoch 9 - iter 60/150 - loss 0.47101248 - time (sec): 23.77 - samples/sec: 1128.44 - lr: 0.000009 - momentum: 0.000000
2024-06-13 07:16:41,277 epoch 9 - iter 75/150 - loss 0.47229193 - time (sec): 30.89 - samples/sec: 1077.52 - lr: 0.000009 - momentum: 0.000000
2024-06-13 07:16:48,038 epoch 9 - iter 90/150 - loss 0.47129936 - time (sec): 37.65 - samples/sec: 1047.06 - lr: 0.000008 - momentum: 0.000000
2024-06-13 07:16:54,513 epoch 9 - iter 105/150 - loss 0.46532562 - time (sec): 44.13 - samples/sec: 1042.85 - lr: 0.000008 - momentum: 0.000000
2024-06-13 07:17:00,664 epoch 9 - iter 120/150 - loss 0.46644819 - time (sec): 50.28 - samples/sec: 1047.41 - lr: 0.000007 - momentum: 0.000000
2024-06-13 07:17:06,600 epoch 9 - iter 135/150 - loss 0.46356078 - time (sec): 56.21 - samples/sec: 1049.16 - lr: 0.000006 - momentum: 0.000000
2024-06-13 07:17:12,391 epoch 9 - iter 150/150 - loss 0.46772784 - time (sec): 62.00 - samples/sec: 1052.34 - lr: 0.000006 - momentum: 0.000000
2024-06-13 07:17:12,391 ----------------------------------------------------------------------------------------------------
2024-06-13 07:17:12,392 EPOCH 9 done: loss 0.4677 - lr: 0.000006
2024-06-13 07:17:14,533 DEV : loss 0.5042558908462524 - f1-score (micro avg)  0.4765
2024-06-13 07:17:14,537 ----------------------------------------------------------------------------------------------------
2024-06-13 07:17:20,354 epoch 10 - iter 15/150 - loss 0.49192142 - time (sec): 5.82 - samples/sec: 1039.18 - lr: 0.000005 - momentum: 0.000000
2024-06-13 07:17:26,128 epoch 10 - iter 30/150 - loss 0.46145244 - time (sec): 11.59 - samples/sec: 1105.09 - lr: 0.000005 - momentum: 0.000000
2024-06-13 07:17:31,679 epoch 10 - iter 45/150 - loss 0.46639488 - time (sec): 17.14 - samples/sec: 1127.63 - lr: 0.000004 - momentum: 0.000000
2024-06-13 07:17:38,086 epoch 10 - iter 60/150 - loss 0.46952229 - time (sec): 23.55 - samples/sec: 1096.27 - lr: 0.000004 - momentum: 0.000000
2024-06-13 07:17:43,974 epoch 10 - iter 75/150 - loss 0.46360305 - time (sec): 29.44 - samples/sec: 1127.77 - lr: 0.000003 - momentum: 0.000000
2024-06-13 07:17:50,049 epoch 10 - iter 90/150 - loss 0.45964779 - time (sec): 35.51 - samples/sec: 1114.78 - lr: 0.000003 - momentum: 0.000000
2024-06-13 07:17:55,137 epoch 10 - iter 105/150 - loss 0.45857234 - time (sec): 40.60 - samples/sec: 1119.24 - lr: 0.000002 - momentum: 0.000000
2024-06-13 07:18:01,775 epoch 10 - iter 120/150 - loss 0.46071538 - time (sec): 47.24 - samples/sec: 1112.03 - lr: 0.000001 - momentum: 0.000000
2024-06-13 07:18:07,575 epoch 10 - iter 135/150 - loss 0.46062282 - time (sec): 53.04 - samples/sec: 1104.09 - lr: 0.000001 - momentum: 0.000000
2024-06-13 07:18:13,031 epoch 10 - iter 150/150 - loss 0.45786217 - time (sec): 58.49 - samples/sec: 1115.53 - lr: 0.000000 - momentum: 0.000000
2024-06-13 07:18:13,031 ----------------------------------------------------------------------------------------------------
2024-06-13 07:18:13,032 EPOCH 10 done: loss 0.4579 - lr: 0.000000
2024-06-13 07:18:15,159 DEV : loss 0.5032842755317688 - f1-score (micro avg)  0.4776
2024-06-13 07:18:15,763 ----------------------------------------------------------------------------------------------------
2024-06-13 07:18:15,764 Testing using last state of model ...
2024-06-13 07:18:17,662 
Results:
- F-score (micro) 0.483
- F-score (macro) 0.2417
- Accuracy 0.3468

By class:
              precision    recall  f1-score   support

        DISO     0.4552    0.5773    0.5090       343
         AGE     0.5899    0.9143    0.7171       140
        ANAT     0.4444    0.6957    0.5424       115
        CHEM     0.6667    0.0256    0.0494        78
        DRTN     0.5714    0.0645    0.1159        62
        PROC     0.0000    0.0000    0.0000        65
        FRKW     0.0000    0.0000    0.0000        34
        DRCN     0.0000    0.0000    0.0000        25

   micro avg     0.4882    0.4780    0.4830       862
   macro avg     0.3409    0.2847    0.2417       862
weighted avg     0.4376    0.4780    0.4042       862

2024-06-13 07:18:17,662 ----------------------------------------------------------------------------------------------------
